<?xml version="1.0" encoding="UTF-8"?>
<!-- Generated by org.testng.reporters.JUnitReportReporter -->
<testsuite skipped="0" hostname="atul" name="com.restAssuredFramework.postRequestAutomation" tests="1" failures="0" timestamp="2021-05-29T19:00:15 IST" time="5.953" errors="0">
  <testcase name="TC_002" time="5.953" classname="com.restAssuredFramework.postRequestAutomation"/>
  <system-out/>
</testsuite> <!-- com.restAssuredFramework.postRequestAutomation -->
